<?xml version="1.0" encoding="UTF-8" ?>
<testsuite tests="1" failures="0" name="com.henry.AppTest" time="0.002" errors="0" skipped="0">
  <properties>
    <property name="idea.version" value="2018.2.6"/>
    <property name="java.runtime.name" value="Java(TM) SE Runtime Environment"/>
    <property name="sun.boot.library.path" value="E:\applications\JDK\jre\bin"/>
    <property name="java.vm.version" value="25.141-b15"/>
    <property name="java.vm.vendor" value="Oracle Corporation"/>
    <property name="maven.multiModuleProjectDirectory" value="E:\develop\tryout_springBoot\drill_AutoConfig"/>
    <property name="java.vendor.url" value="http://java.oracle.com/"/>
    <property name="path.separator" value=";"/>
    <property name="guice.disable.misplaced.annotation.check" value="true"/>
    <property name="java.vm.name" value="Java HotSpot(TM) 64-Bit Server VM"/>
    <property name="file.encoding.pkg" value="sun.io"/>
    <property name="user.script" value=""/>
    <property name="user.country" value="CN"/>
    <property name="sun.java.launcher" value="SUN_STANDARD"/>
    <property name="sun.os.patch.level" value=""/>
    <property name="java.vm.specification.name" value="Java Virtual Machine Specification"/>
    <property name="user.dir" value="E:\develop\tryout_springBoot\drill_AutoConfig"/>
    <property name="java.runtime.version" value="1.8.0_141-b15"/>
    <property name="java.awt.graphicsenv" value="sun.awt.Win32GraphicsEnvironment"/>
    <property name="java.endorsed.dirs" value="E:\applications\JDK\jre\lib\endorsed"/>
    <property name="os.arch" value="amd64"/>
    <property name="java.io.tmpdir" value="C:\Users\HENRYI~1\AppData\Local\Temp\"/>
    <property name="line.separator" value="
"/>
    <property name="java.vm.specification.vendor" value="Oracle Corporation"/>
    <property name="user.variant" value=""/>
    <property name="os.name" value="Windows 10"/>
    <property name="classworlds.conf" value="E:\applications\apache-maven-3.6.1\bin\m2.conf"/>
    <property name="sun.jnu.encoding" value="GBK"/>
    <property name="java.library.path" value="E:\applications\JDK\bin;C:\WINDOWS\Sun\Java\bin;C:\WINDOWS\system32;C:\WINDOWS;C:\ProgramData\DockerDesktop\version-bin;C:\Program Files\Docker\Docker\Resources\bin;C:\windows\system32;C:\windows;C:\windows\System32\Wbem;C:\windows\System32\WindowsPowerShell\v1.0\;C:\windows\System32\OpenSSH\;C:\Program Files (x86)\NVIDIA Corporation\PhysX\Common;E:\applications\smallTortoiseSVN\bin;E:\applications\JDK\bin;E:\applications\JDK\jre\bin;E:\applications\mysql5.7\bin;E:\applications\PhantomJS\phantomjs-2.1.1-windows\bin;C:\Program Files\Intel\WiFi\bin\;C:\Program Files\Common Files\Intel\WirelessCommon\;E:\applications\apache-maven-3.6.1\bin;E:\applications\nodejs\;E:\applications\Git\Git\cmd;E:\applications\Git\Git\mingw64\libexec\git-core;C:\WINDOWS\system32;C:\WINDOWS;C:\WINDOWS\System32\Wbem;C:\WINDOWS\System32\WindowsPowerShell\v1.0\;C:\WINDOWS\System32\OpenSSH\;C:\Program Files (x86)\Intel\Intel(R) Management Engine Components\DAL;C:\Program Files\Intel\Intel(R) Management Engine Components\DAL;E:\applications\gradle-6.2\bin;E:\applications\AspectJ\bin;C:\Users\HenryInSH\AppData\Local\Microsoft\WindowsApps;E:\applications\;C:\applications\IntelliJ IDEA 2019.1.2\bin;E:\applications\gradle-5.2\bin;E:\applications\DataGrip\install-files\DataGrip 2019.1.3\bin;C:\Users\HenryInSH\AppData\Roaming\npm;E:\applications\Git\Git\bin;E:\applications\Git\Git\mingw64\libexec\git-core;E:\applications\smallTortoiseSVN\bin;C:\Users\HenryInSH\AppData\Local\BypassRuntm;E:\applications\VSCode\Microsoft VS Code\bin;E:\applications\gradle-6.2\bin;E:\applications\spring-boot-cli\spring-2.3.0.RELEASE\bin;C:\Users\HenryInSH\AppData\Local\atom\bin;%USERPROFILE%\AppData\Local\Microsoft\WindowsApps;;."/>
    <property name="maven.conf" value="E:\applications\apache-maven-3.6.1/conf"/>
    <property name="java.specification.name" value="Java Platform API Specification"/>
    <property name="java.class.version" value="52.0"/>
    <property name="sun.management.compiler" value="HotSpot 64-Bit Tiered Compilers"/>
    <property name="os.version" value="10.0"/>
    <property name="user.home" value="C:\Users\HenryInSH"/>
    <property name="user.timezone" value="Asia/Shanghai"/>
    <property name="java.awt.printerjob" value="sun.awt.windows.WPrinterJob"/>
    <property name="java.specification.version" value="1.8"/>
    <property name="file.encoding" value="UTF-8"/>
    <property name="user.name" value="HenryInSH"/>
    <property name="java.class.path" value="E:\applications\apache-maven-3.6.1\boot\plexus-classworlds-2.6.0.jar;E:\applications\IntellijIDEA\IntelliJ IDEA 2018.2.6\lib\idea_rt.jar"/>
    <property name="java.vm.specification.version" value="1.8"/>
    <property name="sun.arch.data.model" value="64"/>
    <property name="java.home" value="E:\applications\JDK\jre"/>
    <property name="sun.java.command" value="org.codehaus.classworlds.Launcher -Didea.version=2018.2.6 -s E:\applications\apache-maven-3.6.1\conf\settings.xml install"/>
    <property name="java.specification.vendor" value="Oracle Corporation"/>
    <property name="user.language" value="zh"/>
    <property name="awt.toolkit" value="sun.awt.windows.WToolkit"/>
    <property name="java.vm.info" value="mixed mode"/>
    <property name="java.version" value="1.8.0_141"/>
    <property name="java.ext.dirs" value="E:\applications\JDK\jre\lib\ext;C:\WINDOWS\Sun\Java\lib\ext"/>
    <property name="sun.boot.class.path" value="E:\applications\JDK\jre\lib\endorsed\rt_debug.jar;E:\applications\JDK\jre\lib\resources.jar;E:\applications\JDK\jre\lib\rt.jar;E:\applications\JDK\jre\lib\sunrsasign.jar;E:\applications\JDK\jre\lib\jsse.jar;E:\applications\JDK\jre\lib\jce.jar;E:\applications\JDK\jre\lib\charsets.jar;E:\applications\JDK\jre\lib\jfr.jar;E:\applications\JDK\jre\classes"/>
    <property name="java.vendor" value="Oracle Corporation"/>
    <property name="maven.home" value="E:\applications\apache-maven-3.6.1"/>
    <property name="file.separator" value="\"/>
    <property name="java.vendor.url.bug" value="http://bugreport.sun.com/bugreport/"/>
    <property name="sun.cpu.endian" value="little"/>
    <property name="sun.io.unicode.encoding" value="UnicodeLittle"/>
    <property name="sun.desktop" value="windows"/>
    <property name="sun.cpu.isalist" value="amd64"/>
  </properties>
  <testcase classname="com.henry.AppTest" name="shouldAnswerWithTrue" time="0.002"/>
</testsuite>